1538578766277	geckodriver	INFO	geckodriver 0.18.0
1538578766280	geckodriver	INFO	Listening on 127.0.0.1:50433
1538578767402	geckodriver::marionette	INFO	Starting browser base/firefox/firefox with args ["-marionette"]
1538578770286	Marionette	INFO	Listening on port 33243
1538578770466	Marionette	WARN	TLS certificate errors will be ignored for this session
JavaScript warning: https://www.instagram.com/static/bundles/base/ConsumerCommons.js/5d959aa82523.js, line 1: unreachable code after return statement
JavaScript warning: https://www.instagram.com/static/bundles/base/ConsumerCommons.js/5d959aa82523.js, line 1: unreachable code after return statement
[Child 9656] ###!!! ABORT: Aborting on channel error.: file /builds/slave/m-esr52-l64-000000000000000000/build/src/ipc/glue/MessageChannel.cpp, line 2152
[Child 9656] ###!!! ABORT: Aborting on channel error.: file /builds/slave/m-esr52-l64-000000000000000000/build/src/ipc/glue/MessageChannel.cpp, line 2152
1538578787857	geckodriver	INFO	geckodriver 0.18.0
1538578787861	geckodriver	INFO	Listening on 127.0.0.1:37005
1538578789165	geckodriver::marionette	INFO	Starting browser base/firefox/firefox with args ["-marionette"]
1538578792702	Marionette	INFO	Listening on port 41377
1538578792836	Marionette	WARN	TLS certificate errors will be ignored for this session

###!!! [Child][MessageChannel] Error: (msgtype=0xE00003,name=PTexture::Msg_Destroy) Channel error: cannot send/recv


###!!! [Child][MessageChannel] Error: (msgtype=0xE00003,name=PTexture::Msg_Destroy) Channel error: cannot send/recv


###!!! [Child][MessageChannel] Error: (msgtype=0x3E0003,name=PCompositable::Msg_Destroy) Channel error: cannot send/recv


###!!! [Child][MessageChannel] Error: (msgtype=0x3E0003,name=PCompositable::Msg_Destroy) Channel error: cannot send/recv


###!!! [Child][MessageChannel] Error: (msgtype=0xE00003,name=PTexture::Msg_Destroy) Channel error: cannot send/recv


###!!! [Child][MessageChannel] Error: (msgtype=0xE00003,name=PTexture::Msg_Destroy) Channel error: cannot send/recv


###!!! [Child][MessageChannel] Error: (msgtype=0x3E0003,name=PCompositable::Msg_Destroy) Channel error: cannot send/recv


###!!! [Child][MessageChannel] Error: (msgtype=0xE00003,name=PTexture::Msg_Destroy) Channel error: cannot send/recv


###!!! [Child][MessageChannel] Error: (msgtype=0xE00003,name=PTexture::Msg_Destroy) Channel error: cannot send/recv


###!!! [Child][MessageChannel] Error: (msgtype=0x3E0003,name=PCompositable::Msg_Destroy) Channel error: cannot send/recv


###!!! [Child][MessageChannel] Error: (msgtype=0xE00003,name=PTexture::Msg_Destroy) Channel error: cannot send/recv


###!!! [Child][MessageChannel] Error: (msgtype=0xE00003,name=PTexture::Msg_Destroy) Channel error: cannot send/recv


###!!! [Child][MessageChannel] Error: (msgtype=0x3E0003,name=PCompositable::Msg_Destroy) Channel error: cannot send/recv


###!!! [Child][MessageChannel] Error: (msgtype=0xE00003,name=PTexture::Msg_Destroy) Channel error: cannot send/recv


###!!! [Child][MessageChannel] Error: (msgtype=0xE00003,name=PTexture::Msg_Destroy) Channel error: cannot send/recv


###!!! [Child][MessageChannel] Error: (msgtype=0x3E0003,name=PCompositable::Msg_Destroy) Channel error: cannot send/recv


###!!! [Child][MessageChannel] Error: (msgtype=0xE00003,name=PTexture::Msg_Destroy) Channel error: cannot send/recv


###!!! [Child][MessageChannel] Error: (msgtype=0xE00003,name=PTexture::Msg_Destroy) Channel error: cannot send/recv


###!!! [Child][MessageChannel] Error: (msgtype=0x3E0003,name=PCompositable::Msg_Destroy) Channel error: cannot send/recv

[GFX1-]: Receive IPC close with reason=AbnormalShutdown
[Child 9789] WARNING: pipe error (3): Connection reset by peer: file /builds/slave/m-esr52-l64-000000000000000000/build/src/ipc/chromium/src/chrome/common/ipc_channel_posix.cc, line 322
[Child 9789] ###!!! ABORT: Aborting on channel error.: file /builds/slave/m-esr52-l64-000000000000000000/build/src/ipc/glue/MessageChannel.cpp, line 2152
[Child 9789] ###!!! ABORT: Aborting on channel error.: file /builds/slave/m-esr52-l64-000000000000000000/build/src/ipc/glue/MessageChannel.cpp, line 2152
1538583501924	geckodriver	INFO	geckodriver 0.18.0
1538583501944	geckodriver	INFO	Listening on 127.0.0.1:58889
1538583502273	geckodriver::marionette	INFO	Starting browser base/firefox/firefox with args ["-marionette"]
1538583507552	Marionette	INFO	Listening on port 36673
1538583507906	Marionette	WARN	TLS certificate errors will be ignored for this session
JavaScript warning: https://www.instagram.com/static/bundles/base/ConsumerCommons.js/5d959aa82523.js, line 1: unreachable code after return statement
JavaScript warning: https://www.instagram.com/static/bundles/base/ConsumerCommons.js/5d959aa82523.js, line 1: unreachable code after return statement
[Child 1164] ###!!! ABORT: Aborting on channel error.: file /builds/slave/m-esr52-l64-000000000000000000/build/src/ipc/glue/MessageChannel.cpp, line 2152
[Child 1164] ###!!! ABORT: Aborting on channel error.: file /builds/slave/m-esr52-l64-000000000000000000/build/src/ipc/glue/MessageChannel.cpp, line 2152

###!!! [Child][MessageChannel] Error: (msgtype=0xE00003,name=PTexture::Msg_Destroy) Channel error: cannot send/recv


###!!! [Child][MessageChannel] Error: (msgtype=0xE00003,name=PTexture::Msg_Destroy) Channel error: cannot send/recv


###!!! [Child][MessageChannel] Error: (msgtype=0x3E0003,name=PCompositable::Msg_Destroy) Channel error: cannot send/recv


###!!! [Child][MessageChannel] Error: (msgtype=0xE00003,name=PTexture::Msg_Destroy) Channel error: cannot send/recv


###!!! [Child][MessageChannel] Error: (msgtype=0xE00003,name=PTexture::Msg_Destroy) Channel error: cannot send/recv


###!!! [Child][MessageChannel] Error: (msgtype=0x3E0003,name=PCompositable::Msg_Destroy) Channel error: cannot send/recv


###!!! [Child][MessageChannel] Error: (msgtype=0x3E0003,name=PCompositable::Msg_Destroy) Channel error: cannot send/recv


###!!! [Child][MessageChannel] Error: (msgtype=0x3E0003,name=PCompositable::Msg_Destroy) Channel error: cannot send/recv


###!!! [Child][MessageChannel] Error: (msgtype=0xE00003,name=PTexture::Msg_Destroy) Channel error: cannot send/recv


###!!! [Child][MessageChannel] Error: (msgtype=0xE00003,name=PTexture::Msg_Destroy) Channel error: cannot send/recv


###!!! [Child][MessageChannel] Error: (msgtype=0x3E0003,name=PCompositable::Msg_Destroy) Channel error: cannot send/recv


###!!! [Child][MessageChannel] Error: (msgtype=0xE00003,name=PTexture::Msg_Destroy) Channel error: cannot send/recv


###!!! [Child][MessageChannel] Error: (msgtype=0xE00003,name=PTexture::Msg_Destroy) Channel error: cannot send/recv


###!!! [Child][MessageChannel] Error: (msgtype=0x3E0003,name=PCompositable::Msg_Destroy) Channel error: cannot send/recv


###!!! [Child][MessageChannel] Error: (msgtype=0xE00003,name=PTexture::Msg_Destroy) Channel error: cannot send/recv


###!!! [Child][MessageChannel] Error: (msgtype=0xE00003,name=PTexture::Msg_Destroy) Channel error: cannot send/recv


###!!! [Child][MessageChannel] Error: (msgtype=0x3E0003,name=PCompositable::Msg_Destroy) Channel error: cannot send/recv


###!!! [Child][MessageChannel] Error: (msgtype=0xE00003,name=PTexture::Msg_Destroy) Channel error: cannot send/recv


###!!! [Child][MessageChannel] Error: (msgtype=0xE00003,name=PTexture::Msg_Destroy) Channel error: cannot send/recv


###!!! [Child][MessageChannel] Error: (msgtype=0x3E0003,name=PCompositable::Msg_Destroy) Channel error: cannot send/recv

1538583525690	geckodriver	INFO	geckodriver 0.18.0
1538583525695	geckodriver	INFO	Listening on 127.0.0.1:35285
1538583526806	geckodriver::marionette	INFO	Starting browser base/firefox/firefox with args ["-marionette"]
1538583528652	Marionette	INFO	Listening on port 32983
1538583528762	Marionette	WARN	TLS certificate errors will be ignored for this session
[Child 1300] ###!!! ABORT: Aborting on channel error.: file /builds/slave/m-esr52-l64-000000000000000000/build/src/ipc/glue/MessageChannel.cpp, line 2152
[Child 1300] ###!!! ABORT: Aborting on channel error.: file /builds/slave/m-esr52-l64-000000000000000000/build/src/ipc/glue/MessageChannel.cpp, line 2152

###!!! [Child][MessageChannel] Error: (msgtype=0xE00003,name=PTexture::Msg_Destroy) Channel error: cannot send/recv


###!!! [Child][MessageChannel] Error: (msgtype=0xE00003,name=PTexture::Msg_Destroy) Channel error: cannot send/recv


###!!! [Child][MessageChannel] Error: (msgtype=0x3E0003,name=PCompositable::Msg_Destroy) Channel error: cannot send/recv


###!!! [Child][MessageChannel] Error: (msgtype=0xE00003,name=PTexture::Msg_Destroy) Channel error: cannot send/recv


###!!! [Child][MessageChannel] Error: (msgtype=0xE00003,name=PTexture::Msg_Destroy) Channel error: cannot send/recv


###!!! [Child][MessageChannel] Error: (msgtype=0x3E0003,name=PCompositable::Msg_Destroy) Channel error: cannot send/recv


###!!! [Child][MessageChannel] Error: (msgtype=0x3E0003,name=PCompositable::Msg_Destroy) Channel error: cannot send/recv


###!!! [Child][MessageChannel] Error: (msgtype=0xE00003,name=PTexture::Msg_Destroy) Channel error: cannot send/recv


###!!! [Child][MessageChannel] Error: (msgtype=0xE00003,name=PTexture::Msg_Destroy) Channel error: cannot send/recv


###!!! [Child][MessageChannel] Error: (msgtype=0x3E0003,name=PCompositable::Msg_Destroy) Channel error: cannot send/recv


###!!! [Child][MessageChannel] Error: (msgtype=0xE00003,name=PTexture::Msg_Destroy) Channel error: cannot send/recv


###!!! [Child][MessageChannel] Error: (msgtype=0xE00003,name=PTexture::Msg_Destroy) Channel error: cannot send/recv


###!!! [Child][MessageChannel] Error: (msgtype=0x3E0003,name=PCompositable::Msg_Destroy) Channel error: cannot send/recv


###!!! [Child][MessageChannel] Error: (msgtype=0xE00003,name=PTexture::Msg_Destroy) Channel error: cannot send/recv


###!!! [Child][MessageChannel] Error: (msgtype=0xE00003,name=PTexture::Msg_Destroy) Channel error: cannot send/recv


###!!! [Child][MessageChannel] Error: (msgtype=0x3E0003,name=PCompositable::Msg_Destroy) Channel error: cannot send/recv

